c:\users\exewin\source\repos\sfml\sfml\debug\sfml.pch
c:\users\exewin\source\repos\sfml\sfml\debug\vc141.pdb
c:\users\exewin\source\repos\sfml\sfml\debug\vc141.idb
c:\users\exewin\source\repos\sfml\sfml\debug\stdafx.obj
c:\users\exewin\source\repos\snake\sfml\debug\sfml.pch
c:\users\exewin\source\repos\snake\sfml\debug\vc141.pdb
c:\users\exewin\source\repos\snake\sfml\debug\vc141.idb
c:\users\exewin\source\repos\snake\sfml\debug\stdafx.obj
c:\users\exewin\source\repos\snake\sfml\debug\timber.obj
c:\users\exewin\source\repos\sfml\debug\sfml.exe
c:\users\exewin\source\repos\sfml\debug\sfml.ilk
c:\users\exewin\source\repos\sfml\debug\sfml.pdb
c:\users\exewin\source\repos\snake\debug\sfml.exe
c:\users\exewin\source\repos\snake\debug\sfml.ilk
c:\users\exewin\source\repos\snake\debug\sfml.pdb
c:\users\exewin\source\repos\snake\sfml\debug\sfml.obj
c:\users\exewin\source\repos\snake\sfml\debug\timber.obj.enc
c:\users\exewin\source\repos\snake\sfml\debug\sfml.tlog\cl.command.1.tlog
c:\users\exewin\source\repos\snake\sfml\debug\sfml.tlog\cl.read.1.tlog
c:\users\exewin\source\repos\snake\sfml\debug\sfml.tlog\cl.write.1.tlog
c:\users\exewin\source\repos\snake\sfml\debug\sfml.tlog\link.command.1.tlog
c:\users\exewin\source\repos\snake\sfml\debug\sfml.tlog\link.read.1.tlog
c:\users\exewin\source\repos\snake\sfml\debug\sfml.tlog\link.write.1.tlog
